Removed Pin From Net: NetName=VCC Pin=10uF-1
Removed Pin From Net: NetName=GND Pin=10uF-2
Removed Member From Class: ClassName=CONN SEQ Member=10uF
Removed Member From Class: ClassName=STM32 Member=10uF
Removed Member From Class: ClassName=STM32 Member=R45
Removed Member From Class: ClassName=STM32 Member=TP12
Removed Member From Class: ClassName=PWR Member=NetJ6_1
Removed Member From Class: ClassName=PWR Member=NetJ6_2
Removed Member From Class: ClassName=HF Member=NetR27_2
Change Component Designator: OldDesignator=J4 NewDesignator=J3
Change Component Designator: OldDesignator=J6 NewDesignator=J4
Change Component Designator: OldDesignator=R17 NewDesignator=R18
Change Component Designator: OldDesignator=R18 NewDesignator=R19
Change Component Designator: OldDesignator=R19 NewDesignator=R20
Change Component Designator: OldDesignator=R20 NewDesignator=R21
Change Component Designator: OldDesignator=R21 NewDesignator=R22
Change Component Designator: OldDesignator=R22 NewDesignator=R23
Change Component Designator: OldDesignator=R23 NewDesignator=R24
Change Component Designator: OldDesignator=R24 NewDesignator=R25
Change Component Designator: OldDesignator=R25 NewDesignator=R26
Change Component Designator: OldDesignator=R26 NewDesignator=R27
Change Component Designator: OldDesignator=R27 NewDesignator=R28
Change Component Designator: OldDesignator=R28 NewDesignator=R29
Change Component Designator: OldDesignator=R29 NewDesignator=R30
Change Component Designator: OldDesignator=R30 NewDesignator=R31
Change Component Designator: OldDesignator=R31 NewDesignator=R33
Change Component Designator: OldDesignator=R33 NewDesignator=R34
Change Component Designator: OldDesignator=R34 NewDesignator=R35
Change Component Designator: OldDesignator=R35 NewDesignator=R36
Change Component Designator: OldDesignator=R36 NewDesignator=R37
Change Component Designator: OldDesignator=R37 NewDesignator=R38
Change Component Designator: OldDesignator=R38 NewDesignator=R39
Change Component Designator: OldDesignator=R39 NewDesignator=R40
Change Component Designator: OldDesignator=R40 NewDesignator=R41
Change Component Designator: OldDesignator=R41 NewDesignator=R42
Change Component Designator: OldDesignator=R42 NewDesignator=R43
Change Component Designator: OldDesignator=R43 NewDesignator=R44
Change Component Designator: OldDesignator=R44 NewDesignator=R45
Change Component Designator: OldDesignator=R45 NewDesignator=R17
Change Component Designator: OldDesignator=TP7 NewDesignator=TP8
Change Component Designator: OldDesignator=TP8 NewDesignator=TP9
Change Component Designator: OldDesignator=TP9 NewDesignator=TP10
Change Component Designator: OldDesignator=TP10 NewDesignator=TP11
Change Component Designator: OldDesignator=TP12 NewDesignator=TP7
Added Component: Designator=C15(FP-C2012-125-0_2-MFG)
Add component (AddParameter): Name = "Capacitance"; Value = "10uF"; VariantName = "[No Variations]"
Add component (AddParameter): Name = "Case Code (Imperial)"; Value = "0805"; VariantName = "[No Variations]"
Add component (AddParameter): Name = "Case Code (Metric)"; Value = "2012"; VariantName = "[No Variations]"
Add component (AddParameter): Name = "Case/Package"; Value = "0805"; VariantName = "[No Variations]"
Add component (AddParameter): Name = "Construction"; Value = "Flat"; VariantName = "[No Variations]"
Add component (AddParameter): Name = "Contact Plating"; Value = "Tin"; VariantName = "[No Variations]"
Add component (AddParameter): Name = "Depth"; Value = "1.25mm"; VariantName = "[No Variations]"
Add component (AddParameter): Name = "Dielectric"; Value = "X6S"; VariantName = "[No Variations]"
Add component (AddParameter): Name = "Dielectric Material"; Value = "Ceramic"; VariantName = "[No Variations]"
Add component (AddParameter): Name = "Height"; Value = "1.25mm"; VariantName = "[No Variations]"
Add component (AddParameter): Name = "Lead Free"; Value = "Lead Free"; VariantName = "[No Variations]"
Add component (AddParameter): Name = "Length"; Value = "2mm"; VariantName = "[No Variations]"
Add component (AddParameter): Name = "Max Operating Temperature"; Value = "105°C"; VariantName = "[No Variations]"
Add component (AddParameter): Name = "Min Operating Temperature"; Value = "-55°C"; VariantName = "[No Variations]"
Add component (AddParameter): Name = "Mount"; Value = "Surface Mount"; VariantName = "[No Variations]"
Add component (AddParameter): Name = "Package Quantity"; Value = "1"; VariantName = "[No Variations]"
Add component (AddParameter): Name = "Packaging"; Value = "Tape and Reel"; VariantName = "[No Variations]"
Add component (AddParameter): Name = "REACH SVHC"; Value = "No SVHC"; VariantName = "[No Variations]"
Add component (AddParameter): Name = "RoHS Compliant"; Value = "Yes"; VariantName = "[No Variations]"
Add component (AddParameter): Name = "Series"; Value = "C"; VariantName = "[No Variations]"
Add component (AddParameter): Name = "Thickness"; Value = "0.057inch"; VariantName = "[No Variations]"
Add component (AddParameter): Name = "Tolerance"; Value = "10%"; VariantName = "[No Variations]"
Add component (AddParameter): Name = "Voltage Rating"; Value = "16V"; VariantName = "[No Variations]"
Add component (AddParameter): Name = "Voltage Rating (DC)"; Value = "16V"; VariantName = "[No Variations]"
Add component (AddParameter): Name = "Width"; Value = "0.049inch"; VariantName = "[No Variations]"
Added Component: Designator=C16(FP-C2012-125-0_2-MFG)
Add component (AddParameter): Name = "Capacitance"; Value = "10uF"; VariantName = "[No Variations]"
Add component (AddParameter): Name = "Case Code (Imperial)"; Value = "0805"; VariantName = "[No Variations]"
Add component (AddParameter): Name = "Case Code (Metric)"; Value = "2012"; VariantName = "[No Variations]"
Add component (AddParameter): Name = "Case/Package"; Value = "0805"; VariantName = "[No Variations]"
Add component (AddParameter): Name = "Construction"; Value = "Flat"; VariantName = "[No Variations]"
Add component (AddParameter): Name = "Contact Plating"; Value = "Tin"; VariantName = "[No Variations]"
Add component (AddParameter): Name = "Depth"; Value = "1.25mm"; VariantName = "[No Variations]"
Add component (AddParameter): Name = "Dielectric"; Value = "X6S"; VariantName = "[No Variations]"
Add component (AddParameter): Name = "Dielectric Material"; Value = "Ceramic"; VariantName = "[No Variations]"
Add component (AddParameter): Name = "Height"; Value = "1.25mm"; VariantName = "[No Variations]"
Add component (AddParameter): Name = "Lead Free"; Value = "Lead Free"; VariantName = "[No Variations]"
Add component (AddParameter): Name = "Length"; Value = "2mm"; VariantName = "[No Variations]"
Add component (AddParameter): Name = "Max Operating Temperature"; Value = "105°C"; VariantName = "[No Variations]"
Add component (AddParameter): Name = "Min Operating Temperature"; Value = "-55°C"; VariantName = "[No Variations]"
Add component (AddParameter): Name = "Mount"; Value = "Surface Mount"; VariantName = "[No Variations]"
Add component (AddParameter): Name = "Package Quantity"; Value = "1"; VariantName = "[No Variations]"
Add component (AddParameter): Name = "Packaging"; Value = "Tape and Reel"; VariantName = "[No Variations]"
Add component (AddParameter): Name = "REACH SVHC"; Value = "No SVHC"; VariantName = "[No Variations]"
Add component (AddParameter): Name = "RoHS Compliant"; Value = "Yes"; VariantName = "[No Variations]"
Add component (AddParameter): Name = "Series"; Value = "C"; VariantName = "[No Variations]"
Add component (AddParameter): Name = "Thickness"; Value = "0.057inch"; VariantName = "[No Variations]"
Add component (AddParameter): Name = "Tolerance"; Value = "10%"; VariantName = "[No Variations]"
Add component (AddParameter): Name = "Voltage Rating"; Value = "16V"; VariantName = "[No Variations]"
Add component (AddParameter): Name = "Voltage Rating (DC)"; Value = "16V"; VariantName = "[No Variations]"
Add component (AddParameter): Name = "Width"; Value = "0.049inch"; VariantName = "[No Variations]"
Added Pin To Net: NetName=VCC Pin=C15-1
Added Pin To Net: NetName=GND Pin=C15-2
Added Pin To Net: NetName=VCC Pin=C16-1
Added Pin To Net: NetName=GND Pin=C16-2
Change Net Name : Old Net Name=NetJ4_1 New Net Name=NetJ3_1
Change Net Name : Old Net Name=NetJ4_2 New Net Name=NetJ3_2
Change Net Name : Old Net Name=NetJ6_1 New Net Name=NetJ4_1
Change Net Name : Old Net Name=NetJ6_2 New Net Name=NetJ4_2
Change Net Name : Old Net Name=NetR17_2 New Net Name=NetR18_2
Change Net Name : Old Net Name=NetR18_2 New Net Name=NetR19_2
Change Net Name : Old Net Name=NetR19_2 New Net Name=NetR20_2
Change Net Name : Old Net Name=NetR20_1 New Net Name=NetR21_1
Change Net Name : Old Net Name=NetR21_2 New Net Name=NetR22_2
Change Net Name : Old Net Name=NetR22_2 New Net Name=NetR23_2
Change Net Name : Old Net Name=NetR23_1 New Net Name=NetR24_1
Change Net Name : Old Net Name=NetR24_2 New Net Name=NetR25_2
Change Net Name : Old Net Name=NetR25_1 New Net Name=NetR26_1
Change Net Name : Old Net Name=NetR27_2 New Net Name=NetR28_2
Change Net Name : Old Net Name=NetR28_2 New Net Name=NetR29_2
Change Net Name : Old Net Name=NetR29_2 New Net Name=NetR30_2
Change Net Name : Old Net Name=NetR30_1 New Net Name=NetR31_1
Change Net Name : Old Net Name=NetR31_1 New Net Name=NetR33_1
Change Net Name : Old Net Name=NetR33_1 New Net Name=NetR34_1
Change Net Name : Old Net Name=NetR34_1 New Net Name=NetR35_1
Change Net Name : Old Net Name=NetR35_1 New Net Name=NetR36_1
Change Net Name : Old Net Name=NetR36_1 New Net Name=NetR37_1
Change Net Name : Old Net Name=NetR37_1 New Net Name=NetR38_1
Change Net Name : Old Net Name=NetR38_1 New Net Name=NetR39_1
Change Net Name : Old Net Name=NetR39_1 New Net Name=NetR40_1
Change Net Name : Old Net Name=NetR40_1 New Net Name=NetR41_1
Change Net Name : Old Net Name=NetR41_1 New Net Name=NetR42_1
Change Net Name : Old Net Name=NetR42_1 New Net Name=NetR43_1
Change Net Name : Old Net Name=NetR43_1 New Net Name=NetR44_1
Change Net Name : Old Net Name=NetR44_1 New Net Name=NetR45_1
Change Net Name : Old Net Name=NetR45_2 New Net Name=NetR17_2
Added Member To Class: ClassName=STM32 Member=Component C15 C2012X6S1C106K125AC
Added Member To Class: ClassName=CONN SEQ Member=Component C16 C2012X6S1C106K125AC
Added Member To Class: ClassName=STM32 Member=Component R30 CRCW06030000Z0EA
Added Member To Class: ClassName=STM32 Member=Component TP11 5012
Added Member To Class: ClassName=PWR Member=Wire NetJ3_1
Added Member To Class: ClassName=PWR Member=Wire NetJ3_2
Added Member To Class: ClassName=HF Member=Wire NetR30_2
