Removed Member From Class: ClassName=BTN Member=
Removed Member From Class: ClassName=STM32 Member=
Removed Member From Class: ClassName=CONN SEQ Member=SEQ
Removed Member From Class: ClassName=HF Member=Net _46
Removed Member From Class: ClassName=HF Member=Net _49
Removed Member From Class: ClassName=HF Member=Net _55
Change Component Designator: OldDesignator= NewDesignator=C1
Change Component Designator: OldDesignator= NewDesignator=C2
Change Component Designator: OldDesignator= NewDesignator=C3
Change Component Designator: OldDesignator= NewDesignator=C4
Change Component Designator: OldDesignator= NewDesignator=C5
Change Component Designator: OldDesignator= NewDesignator=C6
Change Component Designator: OldDesignator= NewDesignator=C7
Change Component Designator: OldDesignator= NewDesignator=C8
Change Component Designator: OldDesignator= NewDesignator=C9
Change Component Designator: OldDesignator= NewDesignator=C10
Change Component Designator: OldDesignator= NewDesignator=C11
Change Component Designator: OldDesignator= NewDesignator=C12
Change Component Designator: OldDesignator= NewDesignator=C13
Change Component Designator: OldDesignator= NewDesignator=C14
Change Component Designator: OldDesignator= NewDesignator=LED4
Change Component Designator: OldDesignator= NewDesignator=LED5
Change Component Designator: OldDesignator= NewDesignator=R1
Change Component Designator: OldDesignator= NewDesignator=R2
Change Component Designator: OldDesignator= NewDesignator=R3
Change Component Designator: OldDesignator= NewDesignator=R4
Change Component Designator: OldDesignator= NewDesignator=R5
Change Component Designator: OldDesignator= NewDesignator=R6
Change Component Designator: OldDesignator= NewDesignator=R7
Change Component Designator: OldDesignator= NewDesignator=R8
Change Component Designator: OldDesignator= NewDesignator=R9
Change Component Designator: OldDesignator= NewDesignator=R10
Change Component Designator: OldDesignator= NewDesignator=R11
Change Component Designator: OldDesignator= NewDesignator=R12
Change Component Designator: OldDesignator= NewDesignator=R13
Change Component Designator: OldDesignator= NewDesignator=R14
Change Component Designator: OldDesignator= NewDesignator=R15
Change Component Designator: OldDesignator= NewDesignator=R16
Change Component Designator: OldDesignator= NewDesignator=R17
Change Component Designator: OldDesignator= NewDesignator=R18
Change Component Designator: OldDesignator= NewDesignator=R30
Change Component Designator: OldDesignator= NewDesignator=R31
Change Component Designator: OldDesignator= NewDesignator=R32
Change Component Designator: OldDesignator= NewDesignator=R33
Change Component Designator: OldDesignator= NewDesignator=R34
Change Component Designator: OldDesignator= NewDesignator=R35
Change Component Designator: OldDesignator= NewDesignator=R36
Change Component Designator: OldDesignator= NewDesignator=R37
Change Component Designator: OldDesignator= NewDesignator=R38
Change Component Designator: OldDesignator= NewDesignator=R39
Change Component Designator: OldDesignator= NewDesignator=R40
Change Component Designator: OldDesignator= NewDesignator=R41
Change Component Designator: OldDesignator= NewDesignator=R42
Change Component Designator: OldDesignator= NewDesignator=R43
Change Component Designator: OldDesignator= NewDesignator=R44
Change Component Designator: OldDesignator= NewDesignator=R45
Change Component Designator: OldDesignator= NewDesignator=SW3
Change Component Designator: OldDesignator= NewDesignator=SW6
Change Component Designator: OldDesignator= NewDesignator=SW7
Change Component Designator: OldDesignator= NewDesignator=SW8
Change Component Designator: OldDesignator=  NewDesignator=U1
Change Component Designator: OldDesignator=CLK NewDesignator=R21
Change Component Designator: OldDesignator=D NewDesignator=R26
Change Component Designator: OldDesignator=DBG NewDesignator=J1
Change Component Designator: OldDesignator=DC NewDesignator=R22
Change Component Designator: OldDesignator=M1 NewDesignator=LED2
Change Component Designator: OldDesignator=M2 NewDesignator=LED3
Change Component Designator: OldDesignator=MOSI NewDesignator=R24
Change Component Designator: OldDesignator=NRST NewDesignator=R25
Change Component Designator: OldDesignator=o NewDesignator=SW4
Change Component Designator: OldDesignator=RST NewDesignator=R20
Change Component Designator: OldDesignator=SEQ NewDesignator=LED1
Change Component Designator: OldDesignator=SEQ NewDesignator=P?
Change Component Designator: OldDesignator=SS NewDesignator=R19
Change Component Designator: OldDesignator=SWC NewDesignator=R28
Change Component Designator: OldDesignator=SWD NewDesignator=R27
Change Component Designator: OldDesignator=SWO NewDesignator=R29
Change Component Designator: OldDesignator=U NewDesignator=R23
Change Component Designator: OldDesignator=v NewDesignator=SW1
Change Component Designator: OldDesignator=v NewDesignator=SW2
Change Component Designator: OldDesignator=x NewDesignator=SW5
Added Pin To Net: NetName=Net_1 Pin=P?-6
Change Net Name : Old Net Name=Net_1 New Net Name=NetC3_1
Change Net Name : Old Net Name=Net_1 New Net Name=NetC6_1
Change Net Name : Old Net Name=Net_1 New Net Name=NetC7_1
Change Net Name : Old Net Name=Net_1 New Net Name=NetC8_1
Change Net Name : Old Net Name=Net_1 New Net Name=NetP?_6
Change Net Name : Old Net Name=Net_1 New Net Name=NetP?_10
Change Net Name : Old Net Name=Net_1 New Net Name=NetR1_1
Change Net Name : Old Net Name=Net_1 New Net Name=NetR2_1
Change Net Name : Old Net Name=Net_1 New Net Name=NetR3_1
Change Net Name : Old Net Name=Net_1 New Net Name=NetR7_1
Change Net Name : Old Net Name=Net_1 New Net Name=NetR8_1
Change Net Name : Old Net Name=Net_1 New Net Name=NetR9_1
Change Net Name : Old Net Name=Net_1 New Net Name=NetR13_1
Change Net Name : Old Net Name=Net_1 New Net Name=NetR14_1
Change Net Name : Old Net Name=Net_2 New Net Name=NetLED1_2
Change Net Name : Old Net Name=Net_2 New Net Name=NetLED1_3
Change Net Name : Old Net Name=Net_2 New Net Name=NetLED1_4
Change Net Name : Old Net Name=Net_2 New Net Name=NetLED2_2
Change Net Name : Old Net Name=Net_2 New Net Name=NetLED2_3
Change Net Name : Old Net Name=Net_2 New Net Name=NetLED2_4
Change Net Name : Old Net Name=Net_2 New Net Name=NetLED3_2
Change Net Name : Old Net Name=Net_2 New Net Name=NetLED3_3
Change Net Name : Old Net Name=Net_2 New Net Name=NetLED3_4
Change Net Name : Old Net Name=Net_2 New Net Name=NetLED4_2
Change Net Name : Old Net Name=Net_2 New Net Name=NetLED4_3
Change Net Name : Old Net Name=Net_2 New Net Name=NetLED4_4
Change Net Name : Old Net Name=Net_2 New Net Name=NetLED5_2
Change Net Name : Old Net Name=Net_2 New Net Name=NetLED5_3
Change Net Name : Old Net Name=Net_2 New Net Name=NetLED5_4
Change Net Name : Old Net Name=Net _7 New Net Name=NetR25_1
Change Net Name : Old Net Name=Net _14 New Net Name=NetR45_2
Change Net Name : Old Net Name=Net _16 New Net Name=NetR17_2
Change Net Name : Old Net Name=Net _17 New Net Name=NetR18_2
Change Net Name : Old Net Name=Net _20 New Net Name=NetR19_2
Change Net Name : Old Net Name=Net _21 New Net Name=NetR21_2
Change Net Name : Old Net Name=Net _22 New Net Name=NetR22_2
Change Net Name : Old Net Name=Net _23 New Net Name=NetR24_2
Change Net Name : Old Net Name=Net _24 New Net Name=NetR20_1
Change Net Name : Old Net Name=Net _27 New Net Name=NetR39_1
Change Net Name : Old Net Name=Net _28 New Net Name=NetR40_1
Change Net Name : Old Net Name=Net _29 New Net Name=NetR41_1
Change Net Name : Old Net Name=Net _30 New Net Name=NetC9_2
Change Net Name : Old Net Name=Net _33 New Net Name=NetR33_1
Change Net Name : Old Net Name=Net _34 New Net Name=NetR34_1
Change Net Name : Old Net Name=Net _35 New Net Name=NetR35_1
Change Net Name : Old Net Name=Net _36 New Net Name=NetR36_1
Change Net Name : Old Net Name=Net _37 New Net Name=NetR37_1
Change Net Name : Old Net Name=Net _38 New Net Name=NetR38_1
Change Net Name : Old Net Name=Net _39 New Net Name=NetR30_1
Change Net Name : Old Net Name=Net _40 New Net Name=NetR32_1
Change Net Name : Old Net Name=Net _41 New Net Name=NetR31_1
Change Net Name : Old Net Name=Net _42 New Net Name=NetR42_1
Change Net Name : Old Net Name=Net _43 New Net Name=NetR43_1
Change Net Name : Old Net Name=Net _44 New Net Name=NetR44_1
Change Net Name : Old Net Name=Net _46 New Net Name=NetR27_2
Change Net Name : Old Net Name=Net _49 New Net Name=NetR28_2
Change Net Name : Old Net Name=Net _51 New Net Name=NetC1_1
Change Net Name : Old Net Name=Net _52 New Net Name=NetC4_1
Change Net Name : Old Net Name=Net _53 New Net Name=NetC2_1
Change Net Name : Old Net Name=Net _54 New Net Name=NetC5_1
Change Net Name : Old Net Name=Net _55 New Net Name=NetR29_2
Change Net Name : Old Net Name=Net _60 New Net Name=NetR23_1
Change Net Name : Old Net Name=NetCLK_1 New Net Name=NetP1_4
Change Net Name : Old Net Name=NetDC_1 New Net Name=NetP1_6
Change Net Name : Old Net Name=NetMOSI_1 New Net Name=NetP1_3
Added Pin To Net: NetName=NetR17_1 Pin=R17-1
Added Pin To Net: NetName=NetR17_1 Pin=TP6-1
Added Net: Name=NetR17_1
Added Member To Class: ClassName=BTN Member=Component C1 CGA3E2X7R1E104K080AA
Added Member To Class: ClassName=BTN Member=Component C2 CGA3E2X7R1E104K080AA
Added Member To Class: ClassName=BTN Member=Component C3 CGA3E2X7R1E104K080AA
Added Member To Class: ClassName=BTN Member=Component C4 CGA3E2X7R1E104K080AA
Added Member To Class: ClassName=BTN Member=Component C5 CGA3E2X7R1E104K080AA
Added Member To Class: ClassName=BTN Member=Component C6 CGA3E2X7R1E104K080AA
Added Member To Class: ClassName=BTN Member=Component C7 CGA3E2X7R1E104K080AA
Added Member To Class: ClassName=BTN Member=Component C8 CGA3E2X7R1E104K080AA
Added Member To Class: ClassName=STM32 Member=Component C9 GRM21BR71E225KA73L
Added Member To Class: ClassName=STM32 Member=Component C10 CGA3E2X7R1E104K080AA
Added Member To Class: ClassName=STM32 Member=Component C11 CGA3E2X7R1E104K080AA
Added Member To Class: ClassName=STM32 Member=Component C12 CGA3E2X7R1E104K080AA
Added Member To Class: ClassName=STM32 Member=Component C13 CGA3E2X7R1E104K080AA
Added Member To Class: ClassName=STM32 Member=Component C14 CGA3E2X7R1E104K080AA
Added Member To Class: ClassName=LED Member=Component LED4 150141M173100
Added Member To Class: ClassName=LED Member=Component LED5 150141M173100
Added Member To Class: ClassName=CONN SEQ Member=Component P? TSW-105-15-G-D
Added Member To Class: ClassName=BTN Member=Component R1 ERJ3EKF1002V
Added Member To Class: ClassName=BTN Member=Component R2 ERJ3EKF1002V
Added Member To Class: ClassName=BTN Member=Component R3 ERJ3EKF1002V
Added Member To Class: ClassName=BTN Member=Component R4 ERJ3EKF1002V
Added Member To Class: ClassName=BTN Member=Component R5 ERJ3EKF1002V
Added Member To Class: ClassName=BTN Member=Component R6 ERJ3EKF1002V
Added Member To Class: ClassName=BTN Member=Component R7 ERJ3EKF1002V
Added Member To Class: ClassName=BTN Member=Component R8 ERJ3EKF1002V
Added Member To Class: ClassName=BTN Member=Component R9 ERJ3EKF1002V
Added Member To Class: ClassName=BTN Member=Component R10 ERJ3EKF1002V
Added Member To Class: ClassName=BTN Member=Component R11 ERJ3EKF1002V
Added Member To Class: ClassName=BTN Member=Component R12 ERJ3EKF1002V
Added Member To Class: ClassName=BTN Member=Component R13 ERJ3EKF1002V
Added Member To Class: ClassName=BTN Member=Component R14 ERJ3EKF1002V
Added Member To Class: ClassName=BTN Member=Component R15 ERJ3EKF1002V
Added Member To Class: ClassName=BTN Member=Component R16 ERJ3EKF1002V
Added Member To Class: ClassName=STM32 Member=Component R17 CRCW06030000Z0EA
Added Member To Class: ClassName=STM32 Member=Component R18 CRCW06030000Z0EA
Added Member To Class: ClassName=LED Member=Component R31 ERJ-3EKF1000V
Added Member To Class: ClassName=LED Member=Component R32 ERJ-3EKF1000V
Added Member To Class: ClassName=LED Member=Component R33 ERJ-3EKF1000V
Added Member To Class: ClassName=LED Member=Component R34 ERJ-3EKF1000V
Added Member To Class: ClassName=LED Member=Component R35 ERJ-3EKF1000V
Added Member To Class: ClassName=LED Member=Component R36 ERJ-3EKF1000V
Added Member To Class: ClassName=LED Member=Component R37 ERJ-3EKF1000V
Added Member To Class: ClassName=LED Member=Component R38 ERJ-3EKF1000V
Added Member To Class: ClassName=LED Member=Component R39 ERJ-3EKF1000V
Added Member To Class: ClassName=LED Member=Component R40 ERJ-3EKF1000V
Added Member To Class: ClassName=LED Member=Component R41 ERJ-3EKF1000V
Added Member To Class: ClassName=LED Member=Component R42 ERJ-3EKF1000V
Added Member To Class: ClassName=LED Member=Component R43 ERJ-3EKF1000V
Added Member To Class: ClassName=LED Member=Component R44 ERJ-3EKF1000V
Added Member To Class: ClassName=STM32 Member=Component R45 CRCW06030000Z0EA
Added Member To Class: ClassName=BTN Member=Component SW2 PTS645SM43SMTR92LFS
Added Member To Class: ClassName=BTN Member=Component SW3 PTS645SM43SMTR92LFS
Added Member To Class: ClassName=BTN Member=Component SW6 PTS645SM43SMTR92LFS
Added Member To Class: ClassName=BTN Member=Component SW7 PTS645SM43SMTR92LFS
Added Member To Class: ClassName=BTN Member=Component SW8 PTS645SM43SMTR92LFS
Added Member To Class: ClassName=HF Member=Wire NetR27_2
Added Member To Class: ClassName=HF Member=Wire NetR28_2
Added Member To Class: ClassName=HF Member=Wire NetR29_2
