Removed Pin From Net: NetName=GND Pin=D1-1
Removed Pin From Net: NetName=GND Pin=D1-2
Removed Pin From Net: NetName=GND Pin=D1-3
Removed Pin From Net: NetName=GND Pin=D2-1
Removed Pin From Net: NetName=GND Pin=D2-2
Removed Pin From Net: NetName=GND Pin=D2-3
Removed Pin From Net: NetName=GND Pin=D3-1
Removed Pin From Net: NetName=GND Pin=D3-2
Removed Pin From Net: NetName=GND Pin=D3-3
Removed Pin From Net: NetName=GND Pin=D4-1
Removed Pin From Net: NetName=GND Pin=D4-2
Removed Pin From Net: NetName=GND Pin=D4-3
Removed Pin From Net: NetName=GND Pin=D5-1
Removed Pin From Net: NetName=GND Pin=D5-2
Removed Pin From Net: NetName=GND Pin=D5-3
Removed Pin From Net: NetName=NetR41_1 Pin=U1-28
Removed Pin From Net: NetName=NetR40_1 Pin=U1-29
Removed Pin From Net: NetName=NetR35_1 Pin=U1-34
Removed Pin From Net: NetName=NetR34_1 Pin=U1-35
Removed Pin From Net: NetName=NetR38_1 Pin=U1-37
Removed Pin From Net: NetName=NetR37_1 Pin=U1-38
Removed Pin From Net: NetName=NetR44_1 Pin=U1-43
Removed Pin From Net: NetName=NetR43_1 Pin=U1-44
Removed Member From Class: ClassName=LED Member=D1
Removed Member From Class: ClassName=LED Member=D2
Removed Member From Class: ClassName=LED Member=D3
Removed Member From Class: ClassName=LED Member=D4
Removed Member From Class: ClassName=LED Member=D5
Added Component: Designator=LED1(3528_A)
Add component (AddParameter): Name = "Color"; Value = "Red & Green & Blue"; VariantName = "[No Variations]"
Add component (AddParameter): Name = "ComponentLink1Description"; Value = "Manufacturer URL"; VariantName = "[No Variations]"
Add component (AddParameter): Name = "ComponentLink1URL"; Value = "http://www.we-online.com"; VariantName = "[No Variations]"
Add component (AddParameter): Name = "ComponentLink2Description"; Value = "Datasheet"; VariantName = "[No Variations]"
Add component (AddParameter): Name = "ComponentLink2URL"; Value = "http://katalog.we-online.com/led/datasheet/150141M173100.pdf"; VariantName = "[No Variations]"
Add component (AddParameter): Name = "Manufacturer"; Value = "Wuerth Elektronik"; VariantName = "[No Variations]"
Add component (AddParameter): Name = "PackageReference"; Value = "3528_A"; VariantName = "[No Variations]"
Add component (AddParameter): Name = "PartNumber"; Value = "150141M173100"; VariantName = "[No Variations]"
Added Component: Designator=LED2(3528_A)
Add component (AddParameter): Name = "Color"; Value = "Red & Green & Blue"; VariantName = "[No Variations]"
Add component (AddParameter): Name = "ComponentLink1Description"; Value = "Manufacturer URL"; VariantName = "[No Variations]"
Add component (AddParameter): Name = "ComponentLink1URL"; Value = "http://www.we-online.com"; VariantName = "[No Variations]"
Add component (AddParameter): Name = "ComponentLink2Description"; Value = "Datasheet"; VariantName = "[No Variations]"
Add component (AddParameter): Name = "ComponentLink2URL"; Value = "http://katalog.we-online.com/led/datasheet/150141M173100.pdf"; VariantName = "[No Variations]"
Add component (AddParameter): Name = "Manufacturer"; Value = "Wuerth Elektronik"; VariantName = "[No Variations]"
Add component (AddParameter): Name = "PackageReference"; Value = "3528_A"; VariantName = "[No Variations]"
Add component (AddParameter): Name = "PartNumber"; Value = "150141M173100"; VariantName = "[No Variations]"
Added Component: Designator=LED3(3528_A)
Add component (AddParameter): Name = "Color"; Value = "Red & Green & Blue"; VariantName = "[No Variations]"
Add component (AddParameter): Name = "ComponentLink1Description"; Value = "Manufacturer URL"; VariantName = "[No Variations]"
Add component (AddParameter): Name = "ComponentLink1URL"; Value = "http://www.we-online.com"; VariantName = "[No Variations]"
Add component (AddParameter): Name = "ComponentLink2Description"; Value = "Datasheet"; VariantName = "[No Variations]"
Add component (AddParameter): Name = "ComponentLink2URL"; Value = "http://katalog.we-online.com/led/datasheet/150141M173100.pdf"; VariantName = "[No Variations]"
Add component (AddParameter): Name = "Manufacturer"; Value = "Wuerth Elektronik"; VariantName = "[No Variations]"
Add component (AddParameter): Name = "PackageReference"; Value = "3528_A"; VariantName = "[No Variations]"
Add component (AddParameter): Name = "PartNumber"; Value = "150141M173100"; VariantName = "[No Variations]"
Added Component: Designator=LED4(3528_A)
Add component (AddParameter): Name = "Color"; Value = "Red & Green & Blue"; VariantName = "[No Variations]"
Add component (AddParameter): Name = "ComponentLink1Description"; Value = "Manufacturer URL"; VariantName = "[No Variations]"
Add component (AddParameter): Name = "ComponentLink1URL"; Value = "http://www.we-online.com"; VariantName = "[No Variations]"
Add component (AddParameter): Name = "ComponentLink2Description"; Value = "Datasheet"; VariantName = "[No Variations]"
Add component (AddParameter): Name = "ComponentLink2URL"; Value = "http://katalog.we-online.com/led/datasheet/150141M173100.pdf"; VariantName = "[No Variations]"
Add component (AddParameter): Name = "Manufacturer"; Value = "Wuerth Elektronik"; VariantName = "[No Variations]"
Add component (AddParameter): Name = "PackageReference"; Value = "3528_A"; VariantName = "[No Variations]"
Add component (AddParameter): Name = "PartNumber"; Value = "150141M173100"; VariantName = "[No Variations]"
Added Component: Designator=LED5(3528_A)
Add component (AddParameter): Name = "Color"; Value = "Red & Green & Blue"; VariantName = "[No Variations]"
Add component (AddParameter): Name = "ComponentLink1Description"; Value = "Manufacturer URL"; VariantName = "[No Variations]"
Add component (AddParameter): Name = "ComponentLink1URL"; Value = "http://www.we-online.com"; VariantName = "[No Variations]"
Add component (AddParameter): Name = "ComponentLink2Description"; Value = "Datasheet"; VariantName = "[No Variations]"
Add component (AddParameter): Name = "ComponentLink2URL"; Value = "http://katalog.we-online.com/led/datasheet/150141M173100.pdf"; VariantName = "[No Variations]"
Add component (AddParameter): Name = "Manufacturer"; Value = "Wuerth Elektronik"; VariantName = "[No Variations]"
Add component (AddParameter): Name = "PackageReference"; Value = "3528_A"; VariantName = "[No Variations]"
Add component (AddParameter): Name = "PartNumber"; Value = "150141M173100"; VariantName = "[No Variations]"
Added Pin To Net: NetName=VCC Pin=LED1-1
Added Pin To Net: NetName=VCC Pin=LED2-1
Added Pin To Net: NetName=VCC Pin=LED3-1
Added Pin To Net: NetName=VCC Pin=LED4-1
Added Pin To Net: NetName=VCC Pin=LED5-1
Added Pin To Net: NetName=NetR40_1 Pin=U1-28
Added Pin To Net: NetName=NetR41_1 Pin=U1-29
Added Pin To Net: NetName=NetR34_1 Pin=U1-34
Added Pin To Net: NetName=NetR35_1 Pin=U1-35
Added Pin To Net: NetName=NetR37_1 Pin=U1-37
Added Pin To Net: NetName=NetR38_1 Pin=U1-38
Added Pin To Net: NetName=NetR43_1 Pin=U1-43
Added Pin To Net: NetName=NetR44_1 Pin=U1-44
Added Pin To Net: NetName=NetLED1_2 Pin=LED1-2
Added Pin To Net: NetName=NetLED1_2 Pin=R30-2
Added Net: Name=NetLED1_2
Added Pin To Net: NetName=NetLED1_3 Pin=LED1-3
Added Pin To Net: NetName=NetLED1_3 Pin=R32-2
Added Net: Name=NetLED1_3
Added Pin To Net: NetName=NetLED1_4 Pin=LED1-4
Added Pin To Net: NetName=NetLED1_4 Pin=R31-2
Added Net: Name=NetLED1_4
Added Pin To Net: NetName=NetLED2_2 Pin=LED2-2
Added Pin To Net: NetName=NetLED2_2 Pin=R33-2
Added Net: Name=NetLED2_2
Added Pin To Net: NetName=NetLED2_3 Pin=LED2-3
Added Pin To Net: NetName=NetLED2_3 Pin=R34-2
Added Net: Name=NetLED2_3
Added Pin To Net: NetName=NetLED2_4 Pin=LED2-4
Added Pin To Net: NetName=NetLED2_4 Pin=R35-2
Added Net: Name=NetLED2_4
Added Pin To Net: NetName=NetLED3_2 Pin=LED3-2
Added Pin To Net: NetName=NetLED3_2 Pin=R36-2
Added Net: Name=NetLED3_2
Added Pin To Net: NetName=NetLED3_3 Pin=LED3-3
Added Pin To Net: NetName=NetLED3_3 Pin=R37-2
Added Net: Name=NetLED3_3
Added Pin To Net: NetName=NetLED3_4 Pin=LED3-4
Added Pin To Net: NetName=NetLED3_4 Pin=R38-2
Added Net: Name=NetLED3_4
Added Pin To Net: NetName=NetLED4_2 Pin=LED4-2
Added Pin To Net: NetName=NetLED4_2 Pin=R39-2
Added Net: Name=NetLED4_2
Added Pin To Net: NetName=NetLED4_3 Pin=LED4-3
Added Pin To Net: NetName=NetLED4_3 Pin=R40-2
Added Net: Name=NetLED4_3
Added Pin To Net: NetName=NetLED4_4 Pin=LED4-4
Added Pin To Net: NetName=NetLED4_4 Pin=R41-2
Added Net: Name=NetLED4_4
Added Pin To Net: NetName=NetLED5_2 Pin=LED5-2
Added Pin To Net: NetName=NetLED5_2 Pin=R42-2
Added Net: Name=NetLED5_2
Added Pin To Net: NetName=NetLED5_3 Pin=LED5-3
Added Pin To Net: NetName=NetLED5_3 Pin=R43-2
Added Net: Name=NetLED5_3
Added Pin To Net: NetName=NetLED5_4 Pin=LED5-4
Added Pin To Net: NetName=NetLED5_4 Pin=R44-2
Added Net: Name=NetLED5_4
Added Member To Class: ClassName=LED Member=Component LED1 150141M173100
Added Member To Class: ClassName=LED Member=Component LED2 150141M173100
Added Member To Class: ClassName=LED Member=Component LED3 150141M173100
Added Member To Class: ClassName=LED Member=Component LED4 150141M173100
Added Member To Class: ClassName=LED Member=Component LED5 150141M173100
Added Room: Name=BTN
Added Room: Name=CONN SEQ
Added Room: Name=LED
Added Room: Name=OLED
Added Room: Name=STM32
Added Room: Name=SUPPLY
