Removed Pin From Net: NetName=NetP1_3 Pin=TP1-1
Removed Pin From Net: NetName=NetP1_6 Pin=TP2-1
Removed Pin From Net: NetName=NetP1_4 Pin=TP3-1
Removed Pin From Net: NetName=NetP1_5 Pin=TP4-1
Removed Pin From Net: NetName=NetP2_8 Pin=TP5-1
Removed Pin From Net: NetName=NetP2_6 Pin=TP6-1
Removed Pin From Net: NetName=NetP2_10 Pin=TP7-1
Removed Pin From Net: NetName=NetP1_7 Pin=TP8-1
Removed Pin From Net: NetName=SWCLK Pin=TP9-1
Removed Pin From Net: NetName=SWDIO Pin=TP10-1
Removed Pin From Net: NetName=SWO Pin=TP11-1
Removed Member From Class: ClassName=STM32 Member=TP1
Removed Member From Class: ClassName=STM32 Member=TP2
Removed Member From Class: ClassName=STM32 Member=TP3
Removed Member From Class: ClassName=STM32 Member=TP4
Removed Member From Class: ClassName=STM32 Member=TP5
Removed Member From Class: ClassName=STM32 Member=TP6
Removed Member From Class: ClassName=STM32 Member=TP7
Removed Member From Class: ClassName=STM32 Member=TP8
Removed Member From Class: ClassName=STM32 Member=TP9
Removed Member From Class: ClassName=STM32 Member=TP10
Removed Member From Class: ClassName=STM32 Member=TP11
Change Component Designator: OldDesignator=      NewDesignator=C10
Added Member To Class: ClassName=STM32 Member=Component C10 CGA3E2X7R1E104K080AA
