Removed Pin From Net: NetName=GND Pin=J2-2
Removed Pin From Net: NetName=GND Pin=J3-2
Removed Pin From Net: NetName=GND Pin=J4-2
Removed Pin From Net: NetName=GND Pin=J5-2
Removed Pin From Net: NetName=GND Pin=J6-2
Removed Pin From Net: NetName=GND Pin=J7-2
Removed Member From Class: ClassName=SUPPLY Member=J3
Removed Member From Class: ClassName=SUPPLY Member=J5
Removed Member From Class: ClassName=SUPPLY Member=J7
Removed Member From Class: ClassName=PWR Member=NetJ3_1
Removed Member From Class: ClassName=PWR Member=NetJ5_1
Added Pin To Net: NetName=NetJ2_2 Pin=J2-2
Added Pin To Net: NetName=NetJ2_2 Pin=S1-3
Added Net: Name=NetJ2_2
Added Pin To Net: NetName=NetJ4_2 Pin=J4-2
Added Pin To Net: NetName=NetJ4_2 Pin=S2-3
Added Net: Name=NetJ4_2
Added Pin To Net: NetName=NetJ6_2 Pin=J6-2
Added Pin To Net: NetName=NetJ6_2 Pin=S3-3
Added Net: Name=NetJ6_2
Added Member To Class: ClassName=PWR Member=Wire NetJ2_2
Added Member To Class: ClassName=PWR Member=Wire NetJ4_2
Added Member To Class: ClassName=PWR Member=Wire NetJ6_2
