Removed Member From Class: ClassName=CONN SEQ Member=SEQ
Removed Member From Class: ClassName=HF Member=NetR27_2
Removed Member From Class: ClassName=HF Member=NetR28_2
Removed Member From Class: ClassName=HF Member=NetR29_2
Change Component Designator: OldDesignator=M1 NewDesignator=MTR1
Change Component Designator: OldDesignator=M2 NewDesignator=MTR2
Change Component Designator: OldDesignator=OLED NewDesignator=P1
Change Component Designator: OldDesignator=SEQ NewDesignator=P?
Change Component Designator: OldDesignator=STM32 NewDesignator= 
Change Net Name : Old Net Name=NetC1_1 New Net Name=Net _51
Change Net Name : Old Net Name=NetC2_1 New Net Name=Net _53
Change Net Name : Old Net Name=NetC3_1 New Net Name=Net_1
Change Net Name : Old Net Name=NetC4_1 New Net Name=Net _52
Change Net Name : Old Net Name=NetC5_1 New Net Name=Net _54
Change Net Name : Old Net Name=NetC6_1 New Net Name=Net_1
Change Net Name : Old Net Name=NetC7_1 New Net Name=Net_1
Change Net Name : Old Net Name=NetC8_1 New Net Name=Net_1
Change Net Name : Old Net Name=NetC9_2 New Net Name=Net _30
Change Net Name : Old Net Name=NetLED1_2 New Net Name=Net_2
Change Net Name : Old Net Name=NetLED1_3 New Net Name=Net_2
Change Net Name : Old Net Name=NetLED1_4 New Net Name=Net_2
Change Net Name : Old Net Name=NetLED2_2 New Net Name=Net_2
Change Net Name : Old Net Name=NetLED2_3 New Net Name=Net_2
Change Net Name : Old Net Name=NetLED2_4 New Net Name=Net_2
Change Net Name : Old Net Name=NetLED3_2 New Net Name=Net_2
Change Net Name : Old Net Name=NetLED3_3 New Net Name=Net_2
Change Net Name : Old Net Name=NetLED3_4 New Net Name=Net_2
Change Net Name : Old Net Name=NetLED4_2 New Net Name=Net_2
Change Net Name : Old Net Name=NetLED4_3 New Net Name=Net_2
Change Net Name : Old Net Name=NetLED4_4 New Net Name=Net_2
Change Net Name : Old Net Name=NetLED5_2 New Net Name=Net_2
Change Net Name : Old Net Name=NetLED5_3 New Net Name=Net_2
Change Net Name : Old Net Name=NetLED5_4 New Net Name=Net_2
Change Net Name : Old Net Name=NetP1_3 New Net Name=NetMOSI_1
Change Net Name : Old Net Name=NetP1_4 New Net Name=NetCLK_1
Change Net Name : Old Net Name=NetP1_6 New Net Name=NetDC_1
Change Net Name : Old Net Name=NetP?_6 New Net Name=Net_1
Change Net Name : Old Net Name=NetP?_8 New Net Name=Net_1
Change Net Name : Old Net Name=NetP?_10 New Net Name=Net_1
Change Net Name : Old Net Name=NetR1_1 New Net Name=Net_1
Change Net Name : Old Net Name=NetR2_1 New Net Name=Net_1
Change Net Name : Old Net Name=NetR3_1 New Net Name=Net_1
Change Net Name : Old Net Name=NetR7_1 New Net Name=Net_1
Change Net Name : Old Net Name=NetR8_1 New Net Name=Net_1
Change Net Name : Old Net Name=NetR9_1 New Net Name=Net_1
Change Net Name : Old Net Name=NetR13_1 New Net Name=Net_1
Change Net Name : Old Net Name=NetR14_1 New Net Name=Net_1
Change Net Name : Old Net Name=NetR17_2 New Net Name=Net _16
Change Net Name : Old Net Name=NetR18_2 New Net Name=Net _17
Change Net Name : Old Net Name=NetR19_2 New Net Name=Net _20
Change Net Name : Old Net Name=NetR20_1 New Net Name=Net _24
Change Net Name : Old Net Name=NetR21_2 New Net Name=Net _21
Change Net Name : Old Net Name=NetR22_2 New Net Name=Net _22
Change Net Name : Old Net Name=NetR23_1 New Net Name=Net _60
Change Net Name : Old Net Name=NetR24_2 New Net Name=Net _23
Change Net Name : Old Net Name=NetR25_1 New Net Name=Net _7
Change Net Name : Old Net Name=NetR27_2 New Net Name=Net _46
Change Net Name : Old Net Name=NetR28_2 New Net Name=Net _49
Change Net Name : Old Net Name=NetR29_2 New Net Name=Net _55
Change Net Name : Old Net Name=NetR30_1 New Net Name=Net _39
Change Net Name : Old Net Name=NetR31_1 New Net Name=Net _41
Change Net Name : Old Net Name=NetR32_1 New Net Name=Net _40
Change Net Name : Old Net Name=NetR33_1 New Net Name=Net _33
Change Net Name : Old Net Name=NetR34_1 New Net Name=Net _34
Change Net Name : Old Net Name=NetR35_1 New Net Name=Net _35
Change Net Name : Old Net Name=NetR36_1 New Net Name=Net _36
Change Net Name : Old Net Name=NetR37_1 New Net Name=Net _37
Change Net Name : Old Net Name=NetR38_1 New Net Name=Net _38
Change Net Name : Old Net Name=NetR39_1 New Net Name=Net _27
Change Net Name : Old Net Name=NetR40_1 New Net Name=Net _28
Change Net Name : Old Net Name=NetR41_1 New Net Name=Net _29
Change Net Name : Old Net Name=NetR42_1 New Net Name=Net _42
Change Net Name : Old Net Name=NetR43_1 New Net Name=Net _43
Change Net Name : Old Net Name=NetR44_1 New Net Name=Net _44
Change Net Name : Old Net Name=NetR45_2 New Net Name=Net _14
Added Member To Class: ClassName=CONN SEQ Member=Component P? TSW-105-15-G-D
Added Member To Class: ClassName=STM32 Member=Component SWD CRCW06030000Z0EA
Added Member To Class: ClassName=BTN Member=Component  ERJ3EKF1002V
Added Member To Class: ClassName=BTN Member=Component  ERJ3EKF1002V
Added Member To Class: ClassName=BTN Member=Component  CGA3E2X7R1E104K080AA
Added Member To Class: ClassName=BTN Member=Component  CGA3E2X7R1E104K080AA
Added Member To Class: ClassName=BTN Member=Component  ERJ3EKF1002V
Added Member To Class: ClassName=BTN Member=Component  ERJ3EKF1002V
Added Member To Class: ClassName=BTN Member=Component  CGA3E2X7R1E104K080AA
Added Member To Class: ClassName=BTN Member=Component  ERJ3EKF1002V
Added Member To Class: ClassName=BTN Member=Component  ERJ3EKF1002V
Added Member To Class: ClassName=BTN Member=Component  PTS645SM43SMTR92LFS
Added Member To Class: ClassName=BTN Member=Component  ERJ3EKF1002V
Added Member To Class: ClassName=BTN Member=Component  ERJ3EKF1002V
Added Member To Class: ClassName=BTN Member=Component  CGA3E2X7R1E104K080AA
Added Member To Class: ClassName=BTN Member=Component  ERJ3EKF1002V
Added Member To Class: ClassName=BTN Member=Component  ERJ3EKF1002V
Added Member To Class: ClassName=BTN Member=Component  CGA3E2X7R1E104K080AA
Added Member To Class: ClassName=BTN Member=Component  ERJ3EKF1002V
Added Member To Class: ClassName=BTN Member=Component  CGA3E2X7R1E104K080AA
Added Member To Class: ClassName=BTN Member=Component  PTS645SM43SMTR92LFS
Added Member To Class: ClassName=BTN Member=Component  ERJ3EKF1002V
Added Member To Class: ClassName=BTN Member=Component  ERJ3EKF1002V
Added Member To Class: ClassName=BTN Member=Component  CGA3E2X7R1E104K080AA
Added Member To Class: ClassName=BTN Member=Component  ERJ3EKF1002V
Added Member To Class: ClassName=BTN Member=Component  ERJ3EKF1002V
Added Member To Class: ClassName=BTN Member=Component  ERJ3EKF1002V
Added Member To Class: ClassName=LED Member=Component  ERJ-3EKF1000V
Added Member To Class: ClassName=LED Member=Component  ERJ-3EKF1000V
Added Member To Class: ClassName=LED Member=Component  ERJ-3EKF1000V
Added Member To Class: ClassName=LED Member=Component  ERJ-3EKF1000V
Added Member To Class: ClassName=LED Member=Component  ERJ-3EKF1000V
Added Member To Class: ClassName=LED Member=Component  ERJ-3EKF1000V
Added Member To Class: ClassName=LED Member=Component  ERJ-3EKF1000V
Added Member To Class: ClassName=LED Member=Component  ERJ-3EKF1000V
Added Member To Class: ClassName=LED Member=Component  ERJ-3EKF1000V
Added Member To Class: ClassName=LED Member=Component  ERJ-3EKF1000V
Added Member To Class: ClassName=LED Member=Component  ERJ-3EKF1000V
Added Member To Class: ClassName=LED Member=Component  ERJ-3EKF1000V
Added Member To Class: ClassName=LED Member=Component  ERJ-3EKF1000V
Added Member To Class: ClassName=LED Member=Component  150141M173100
Added Member To Class: ClassName=LED Member=Component  ERJ-3EKF1000V
Added Member To Class: ClassName=LED Member=Component  ERJ-3EKF1000V
Added Member To Class: ClassName=STM32 Member=Component  CGA3E2X7R1E104K080AA
Added Member To Class: ClassName=STM32 Member=Component  CGA3E2X7R1E104K080AA
Added Member To Class: ClassName=STM32 Member=Component  CGA3E2X7R1E104K080AA
Added Member To Class: ClassName=STM32 Member=Component  CRCW06030000Z0EA
Added Member To Class: ClassName=STM32 Member=Component  CGA3E2X7R1E104K080AA
Added Member To Class: ClassName=STM32 Member=Component  CRCW06030000Z0EA
Added Member To Class: ClassName=STM32 Member=Component  CGA3E2X7R1E104K080AA
Added Member To Class: ClassName=STM32 Member=Component  GRM21BR71E225KA73L
Added Member To Class: ClassName=BTN Member=Component v PTS645SM43SMTR92LFS
Added Member To Class: ClassName=BTN Member=Component x PTS645SM43SMTR92LFS
Added Member To Class: ClassName=HF Member=Wire Net _46
Added Member To Class: ClassName=HF Member=Wire Net _49
Added Member To Class: ClassName=HF Member=Wire Net _55
