Change Component Designator: OldDesignator=C1 NewDesignator=
Change Component Designator: OldDesignator=C2 NewDesignator=
Change Component Designator: OldDesignator=C3 NewDesignator=
Change Component Designator: OldDesignator=C4 NewDesignator=
Change Component Designator: OldDesignator=C5 NewDesignator=
Change Component Designator: OldDesignator=C6 NewDesignator=
Change Component Designator: OldDesignator=C7 NewDesignator=
Change Component Designator: OldDesignator=C8 NewDesignator=
Change Component Designator: OldDesignator=C9 NewDesignator=
Change Component Designator: OldDesignator=C10 NewDesignator=
Change Component Designator: OldDesignator=C11 NewDesignator=
Change Component Designator: OldDesignator=C12 NewDesignator=
Change Component Designator: OldDesignator=C13 NewDesignator=
Change Component Designator: OldDesignator=C14 NewDesignator=
Change Component Designator: OldDesignator=J1 NewDesignator=DBG
Change Component Designator: OldDesignator=LED1 NewDesignator=SEQ
Change Component Designator: OldDesignator=LED2 NewDesignator=M1
Change Component Designator: OldDesignator=LED3 NewDesignator=M2
Change Component Designator: OldDesignator=LED4 NewDesignator=
Change Component Designator: OldDesignator=LED5 NewDesignator=
Change Component Designator: OldDesignator=P? NewDesignator=SEQ
Change Component Designator: OldDesignator=R1 NewDesignator=
Change Component Designator: OldDesignator=R2 NewDesignator=
Change Component Designator: OldDesignator=R3 NewDesignator=
Change Component Designator: OldDesignator=R4 NewDesignator=
Change Component Designator: OldDesignator=R5 NewDesignator=
Change Component Designator: OldDesignator=R6 NewDesignator=
Change Component Designator: OldDesignator=R7 NewDesignator=
Change Component Designator: OldDesignator=R8 NewDesignator=
Change Component Designator: OldDesignator=R9 NewDesignator=
Change Component Designator: OldDesignator=R10 NewDesignator=
Change Component Designator: OldDesignator=R11 NewDesignator=
Change Component Designator: OldDesignator=R12 NewDesignator=
Change Component Designator: OldDesignator=R13 NewDesignator=
Change Component Designator: OldDesignator=R14 NewDesignator=
Change Component Designator: OldDesignator=R15 NewDesignator=
Change Component Designator: OldDesignator=R16 NewDesignator=
Change Component Designator: OldDesignator=R17 NewDesignator=
Change Component Designator: OldDesignator=R18 NewDesignator=
Change Component Designator: OldDesignator=R19 NewDesignator=SS
Change Component Designator: OldDesignator=R20 NewDesignator=RST
Change Component Designator: OldDesignator=R21 NewDesignator=CLK
Change Component Designator: OldDesignator=R22 NewDesignator=DC
Change Component Designator: OldDesignator=R23 NewDesignator=U
Change Component Designator: OldDesignator=R24 NewDesignator=MOSI
Change Component Designator: OldDesignator=R25 NewDesignator=NRST
Change Component Designator: OldDesignator=R26 NewDesignator=D
Change Component Designator: OldDesignator=R27 NewDesignator=SWD
Change Component Designator: OldDesignator=R28 NewDesignator=SWC
Change Component Designator: OldDesignator=R29 NewDesignator=SWO
Change Component Designator: OldDesignator=R30 NewDesignator=
Change Component Designator: OldDesignator=R31 NewDesignator=
Change Component Designator: OldDesignator=R32 NewDesignator=
Change Component Designator: OldDesignator=R33 NewDesignator=
Change Component Designator: OldDesignator=R34 NewDesignator=
Change Component Designator: OldDesignator=R35 NewDesignator=
Change Component Designator: OldDesignator=R36 NewDesignator=
Change Component Designator: OldDesignator=R37 NewDesignator=
Change Component Designator: OldDesignator=R38 NewDesignator=
Change Component Designator: OldDesignator=R39 NewDesignator=
Change Component Designator: OldDesignator=R40 NewDesignator=
Change Component Designator: OldDesignator=R41 NewDesignator=
Change Component Designator: OldDesignator=R42 NewDesignator=
Change Component Designator: OldDesignator=R43 NewDesignator=
Change Component Designator: OldDesignator=R44 NewDesignator=
Change Component Designator: OldDesignator=R45 NewDesignator=
Change Component Designator: OldDesignator=SW1 NewDesignator=v
Change Component Designator: OldDesignator=SW2 NewDesignator=v
Change Component Designator: OldDesignator=SW3 NewDesignator=
Change Component Designator: OldDesignator=SW4 NewDesignator=o
Change Component Designator: OldDesignator=SW5 NewDesignator=x
Change Component Designator: OldDesignator=SW6 NewDesignator=
Change Component Designator: OldDesignator=SW7 NewDesignator=
Change Component Designator: OldDesignator=SW8 NewDesignator=
Change Component Designator: OldDesignator=U1 NewDesignator= 
Change Component Designator: OldDesignator=U1 NewDesignator= 
